Start testing: Jul 17 16:08 UTC
----------------------------------------------------------
1/1 Testing: cursed-drone-tests
1/1 Test: cursed-drone-tests
Command: "/home/runner/work/cursed-drone/cursed-drone/build-v09/cursed-drone-tests"
Directory: /home/runner/work/cursed-drone/cursed-drone/build-v09
"cursed-drone-tests" start time: Jul 17 16:08 UTC
Output:
----------------------------------------------------------
All Cursed Drone tests passed
<end of output>
Test time =   6.54 sec
----------------------------------------------------------
Test Passed.
"cursed-drone-tests" end time: Jul 17 16:08 UTC
"cursed-drone-tests" time elapsed: 00:00:06
----------------------------------------------------------

End testing: Jul 17 16:08 UTC
